#
# A fatal error has been detected by the Java Runtime Environment:
#
#  Internal Error (os_windows.cpp:3990), pid=10768, tid=0x0000000000002ab8
#  guarantee(return_page != NULL) failed: Commit Failed for polling page
#
# JRE version:  (8.0_241-b07) (build )
# Java VM: Java HotSpot(TM) 64-Bit Server VM (25.241-b07 mixed mode windows-amd64 compressed oops)
# Failed to write core dump. Minidumps are not enabled by default on client versions of Windows
#
# If you would like to submit a bug report, please visit:
#   http://bugreport.java.com/bugreport/crash.jsp
#

---------------  T H R E A D  ---------------

Current thread is native thread

Stack: [0x0000000002620000,0x0000000002720000]
Native frames: (J=compiled Java code, j=interpreted, Vv=VM code, C=native code)


---------------  P R O C E S S  ---------------

VM state:not at safepoint (not fully initialized)

VM Mutex/Monitor currently owned by a thread: None


[error occurred during error reporting (printing compressed oops mode, id 0xc0000005]


Dynamic libraries:
0x000000013f780000 - 0x000000013f7b7000 	C:\Program Files\Java\jre1.8.0_241\bin\javaw.exe
0x00000000776e0000 - 0x000000007787f000 	C:\windows\SYSTEM32\ntdll.dll
0x00000000774c0000 - 0x00000000775df000 	C:\windows\system32\kernel32.dll
0x000007fefd540000 - 0x000007fefd5a7000 	C:\windows\system32\KERNELBASE.dll
0x000007feff0c0000 - 0x000007feff19b000 	C:\windows\system32\ADVAPI32.dll
0x000007feff710000 - 0x000007feff7af000 	C:\windows\system32\msvcrt.dll
0x000007fefef70000 - 0x000007fefef8f000 	C:\windows\SYSTEM32\sechost.dll
0x000007fefef90000 - 0x000007feff0bc000 	C:\windows\system32\RPCRT4.dll
0x00000000775e0000 - 0x00000000776db000 	C:\windows\system32\USER32.dll
0x000007feff7b0000 - 0x000007feff817000 	C:\windows\system32\GDI32.dll
0x000007fefe780000 - 0x000007fefe78e000 	C:\windows\system32\LPK.dll
0x000007feff820000 - 0x000007feff8eb000 	C:\windows\system32\USP10.dll
0x000007fefb8c0000 - 0x000007fefbab5000 	C:\windows\WinSxS\amd64_microsoft.windows.common-controls_6595b64144ccf1df_6.0.7601.24483_none_e372d88f30fbb845\COMCTL32.dll
0x000007fefd770000 - 0x000007fefd7e1000 	C:\windows\system32\SHLWAPI.dll
0x000007fefe8b0000 - 0x000007fefe8de000 	C:\windows\system32\IMM32.DLL
0x000007feff330000 - 0x000007feff43b000 	C:\windows\system32\MSCTF.dll
0x000000006b920000 - 0x000000006b9f2000 	C:\Program Files\Java\jre1.8.0_241\bin\msvcr100.dll
0x000000006de90000 - 0x000000006e73c000 	C:\Program Files\Java\jre1.8.0_241\bin\server\jvm.dll
0x000007fefa020000 - 0x000007fefa029000 	C:\windows\system32\WSOCK32.dll
0x000007fefd620000 - 0x000007fefd66d000 	C:\windows\system32\WS2_32.dll
0x000007fefd610000 - 0x000007fefd618000 	C:\windows\system32\NSI.dll
0x000007fef71e0000 - 0x000007fef721b000 	C:\windows\system32\WINMM.dll
0x000007fefc310000 - 0x000007fefc31c000 	C:\windows\system32\VERSION.dll
0x0000000077890000 - 0x0000000077897000 	C:\windows\system32\PSAPI.DLL
0x000007fef9ff0000 - 0x000007fef9fff000 	C:\Program Files\Java\jre1.8.0_241\bin\verify.dll
0x000007feef430000 - 0x000007feef459000 	C:\Program Files\Java\jre1.8.0_241\bin\java.dll

VM Arguments:
jvm_args: -Dfile.encoding=UTF-8 
java_command: ex.Friend
java_class_path (initial): C:\Users\1027\Documents\GitHub\Java\java_project\Cp7-ConsoleInputOutput\bin
Launcher Type: SUN_STANDARD

Environment Variables:
JAVA_HOME=C:\Program Files\Java\jdk1.8.0_241\bin
PATH=C:/Program Files/Java/jre1.8.0_241/bin/server;C:/Program Files/Java/jre1.8.0_241/bin;C:/Program Files/Java/jre1.8.0_241/lib/amd64;C:\Program Files (x86)\Common Files\Oracle\Java\javapath;C:\Program Files (x86)\Intel\iCLS Client\;C:\Program Files\Intel\iCLS Client\;C:\windows\system32;C:\windows;C:\windows\System32\Wbem;C:\windows\System32\WindowsPowerShell\v1.0\;C:\Program Files (x86)\Intel\Intel(R) Management Engine Components\DAL;C:\Program Files\Intel\Intel(R) Management Engine Components\DAL;C:\Program Files (x86)\Intel\Intel(R) Management Engine Components\IPT;C:\Program Files\Intel\Intel(R) Management Engine Components\IPT;C:\Program Files\Git\cmd;C:\Program Files\Java\jdk1.8.0_241\bin\bin;C:\Users\1027\AppData\Local\GitHubDesktop\bin;C:\Program Files\Bandizip\;C:\eclipse;
USERNAME=1027
OS=Windows_NT
PROCESSOR_IDENTIFIER=Intel64 Family 6 Model 94 Stepping 3, GenuineIntel



---------------  S Y S T E M  ---------------

OS: Windows 7 , 64 bit Build 7601 (6.1.7601.24545)

CPU:total 8 (initial active 8) 

Memory: 4k page, physical 8300524k(4842432k free), swap 19047544k(1834832k free)

vm_info: Java HotSpot(TM) 64-Bit Server VM (25.241-b07) for windows-amd64 JRE (1.8.0_241-b07), built on Dec 11 2019 10:21:40 by "rejava" with MS VC++ 10.0 (VS2010)

time: Mon Apr 20 12:33:13 2020
timezone: 대한민국 표준시
elapsed time: 1 seconds (0d 0h 0m 1s)

