#
# There is insufficient memory for the Java Runtime Environment to continue.
# Native memory allocation (malloc) failed to allocate 1048576 bytes for AllocateHeap
# Possible reasons:
#   The system is out of physical RAM or swap space
#   The process is running with CompressedOops enabled, and the Java Heap may be blocking the growth of the native heap
# Possible solutions:
#   Reduce memory load on the system
#   Increase physical memory or swap space
#   Check if swap backing store is full
#   Decrease Java heap size (-Xmx/-Xms)
#   Decrease number of Java threads
#   Decrease Java thread stack sizes (-Xss)
#   Set larger code cache with -XX:ReservedCodeCacheSize=
#   JVM is running with Unscaled Compressed Oops mode in which the Java heap is
#     placed in the first 4GB address space. The Java Heap base address is the
#     maximum limit for the native heap growth. Please use -XX:HeapBaseMinAddress
#     to set the Java Heap base and to place the Java Heap above 4GB virtual address.
# This output file may be truncated or incomplete.
#
#  Out of Memory Error (memory/allocation.inline.hpp:61), pid=9968, tid=0x0000000000002834
#
# JRE version:  (8.0_241-b07) (build )
# Java VM: Java HotSpot(TM) 64-Bit Server VM (25.241-b07 mixed mode windows-amd64 compressed oops)
# Failed to write core dump. Minidumps are not enabled by default on client versions of Windows
#

---------------  T H R E A D  ---------------

Current thread (0x0000000001cce800):  JavaThread "Unknown thread" [_thread_in_vm, id=10292, stack(0x0000000002780000,0x0000000002880000)]

Stack: [0x0000000002780000,0x0000000002880000]
[error occurred during error reporting (printing stack bounds), id 0xc0000005]

Native frames: (J=compiled Java code, j=interpreted, Vv=VM code, C=native code)


---------------  P R O C E S S  ---------------

Java Threads: ( => current thread )

Other Threads:

=>0x0000000001cce800 (exited) JavaThread "Unknown thread" [_thread_in_vm, id=10292, stack(0x0000000002780000,0x0000000002880000)]

VM state:not at safepoint (normal execution)

VM Mutex/Monitor currently owned by a thread: None

heap address: 0x0000000081400000, size: 2028 MB, Compressed Oops mode: 32-bit
Narrow klass base: 0x0000000000000000, Narrow klass shift: 0
Compressed class space size: 1073741824 Address: 0x00000000171f0000

Heap:
 PSYoungGen      total 38400K, used 665K [0x00000000d5c00000, 0x00000000d8680000, 0x0000000100000000)
  eden space 33280K, 2% used [0x00000000d5c00000,0x00000000d5ca6670,0x00000000d7c80000)
  from space 5120K, 0% used [0x00000000d8180000,0x00000000d8180000,0x00000000d8680000)
  to   space 5120K, 0% used [0x00000000d7c80000,0x00000000d7c80000,0x00000000d8180000)
 ParOldGen       total 87552K, used 0K [0x0000000081400000, 0x0000000086980000, 0x00000000d5c00000)
  object space 87552K, 0% used [0x0000000081400000,0x0000000081400000,0x0000000086980000)
 Metaspace       used 752K, capacity 4480K, committed 4480K, reserved 1056768K
  class space    used 76K, capacity 384K, committed 384K, reserved 1048576K

Card table byte_map: [0x0000000011c40000,0x0000000012040000] byte_map_base: 0x0000000011836000

Marking Bits: (ParMarkBitMap*) 0x000000006bc4be30
 Begin Bits: [0x0000000012e90000, 0x0000000014e40000)
 End Bits:   [0x0000000014e40000, 0x0000000016df0000)

Polling page: 0x0000000000120000

CodeCache: size=245760Kb used=328Kb max_used=328Kb free=245431Kb
 bounds [0x0000000002880000, 0x0000000002af0000, 0x0000000011880000]
 total_blobs=58 nmethods=0 adapters=38
 compilation: enabled

Compilation events (0 events):
No events

GC Heap History (0 events):
No events

Deoptimization events (0 events):
No events

Classes redefined (0 events):
No events

Internal exceptions (0 events):
No events

Events (10 events):
Event: 0.030 loading class java/lang/Short
Event: 0.030 loading class java/lang/Short done
Event: 0.030 loading class java/lang/Integer
Event: 0.030 loading class java/lang/Integer done
Event: 0.030 loading class java/lang/Long
Event: 0.030 loading class java/lang/Long done
Event: 0.031 loading class java/lang/NullPointerException
Event: 0.031 loading class java/lang/NullPointerException done
Event: 0.031 loading class java/lang/ArithmeticException
Event: 0.031 loading class java/lang/ArithmeticException done


Dynamic libraries:
0x000000013f1f0000 - 0x000000013f227000 	C:\Program Files\Java\jre1.8.0_241\bin\javaw.exe
0x0000000077320000 - 0x00000000774bf000 	C:\windows\SYSTEM32\ntdll.dll
0x0000000077200000 - 0x000000007731f000 	C:\windows\system32\kernel32.dll
0x000007fefcea0000 - 0x000007fefcf07000 	C:\windows\system32\KERNELBASE.dll
0x000007fefd9f0000 - 0x000007fefdacb000 	C:\windows\system32\ADVAPI32.dll
0x000007fefd2a0000 - 0x000007fefd33f000 	C:\windows\system32\msvcrt.dll
0x000007fefd410000 - 0x000007fefd42f000 	C:\windows\SYSTEM32\sechost.dll
0x000007fefd630000 - 0x000007fefd75c000 	C:\windows\system32\RPCRT4.dll
0x0000000077100000 - 0x00000000771fb000 	C:\windows\system32\USER32.dll
0x000007fefd230000 - 0x000007fefd297000 	C:\windows\system32\GDI32.dll
0x000007fefde30000 - 0x000007fefde3e000 	C:\windows\system32\LPK.dll
0x000007fefdc80000 - 0x000007fefdd4b000 	C:\windows\system32\USP10.dll
0x000007fefb530000 - 0x000007fefb725000 	C:\windows\WinSxS\amd64_microsoft.windows.common-controls_6595b64144ccf1df_6.0.7601.24483_none_e372d88f30fbb845\COMCTL32.dll
0x000007fefdd50000 - 0x000007fefddc1000 	C:\windows\system32\SHLWAPI.dll
0x000007fefe1f0000 - 0x000007fefe21e000 	C:\windows\system32\IMM32.DLL
0x000007fefdb70000 - 0x000007fefdc7b000 	C:\windows\system32\MSCTF.dll
0x0000000069e40000 - 0x0000000069f12000 	C:\Program Files\Java\jre1.8.0_241\bin\msvcr100.dll
0x000000006b420000 - 0x000000006bccc000 	C:\Program Files\Java\jre1.8.0_241\bin\server\jvm.dll
0x000007fef9f50000 - 0x000007fef9f59000 	C:\windows\system32\WSOCK32.dll
0x000007fefd340000 - 0x000007fefd38d000 	C:\windows\system32\WS2_32.dll
0x000007fefd800000 - 0x000007fefd808000 	C:\windows\system32\NSI.dll
0x000007fef7c40000 - 0x000007fef7c7b000 	C:\windows\system32\WINMM.dll
0x000007fefbf50000 - 0x000007fefbf5c000 	C:\windows\system32\VERSION.dll
0x00000000774d0000 - 0x00000000774d7000 	C:\windows\system32\PSAPI.DLL
0x000007fefa230000 - 0x000007fefa23f000 	C:\Program Files\Java\jre1.8.0_241\bin\verify.dll
0x000007fefa170000 - 0x000007fefa199000 	C:\Program Files\Java\jre1.8.0_241\bin\java.dll
0x000007fefa210000 - 0x000007fefa226000 	C:\Program Files\Java\jre1.8.0_241\bin\zip.dll

VM Arguments:
jvm_args: -Dfile.encoding=UTF-8 
java_command: ex.RanNum
java_class_path (initial): C:\Users\1027\Documents\GitHub\Java\java_project\Cp13-OtherClass\bin
Launcher Type: SUN_STANDARD

Environment Variables:
JAVA_HOME=C:\Program Files\Java\jdk1.8.0_241\bin
PATH=C:/Program Files/Java/jre1.8.0_241/bin/server;C:/Program Files/Java/jre1.8.0_241/bin;C:/Program Files/Java/jre1.8.0_241/lib/amd64;C:\Program Files (x86)\Common Files\Oracle\Java\javapath;C:\Program Files (x86)\Intel\iCLS Client\;C:\Program Files\Intel\iCLS Client\;C:\windows\system32;C:\windows;C:\windows\System32\Wbem;C:\windows\System32\WindowsPowerShell\v1.0\;C:\Program Files (x86)\Intel\Intel(R) Management Engine Components\DAL;C:\Program Files\Intel\Intel(R) Management Engine Components\DAL;C:\Program Files (x86)\Intel\Intel(R) Management Engine Components\IPT;C:\Program Files\Intel\Intel(R) Management Engine Components\IPT;C:\Program Files\Git\cmd;C:\Program Files\Java\jdk1.8.0_241\bin\bin;C:\Users\1027\AppData\Local\GitHubDesktop\bin;C:\Program Files\Bandizip\;C:\eclipse;
USERNAME=1027
OS=Windows_NT
PROCESSOR_IDENTIFIER=Intel64 Family 6 Model 94 Stepping 3, GenuineIntel



---------------  S Y S T E M  ---------------

OS: Windows 7 , 64 bit Build 7601 (6.1.7601.24545)

CPU:total 8 (initial active 8) (4 cores per cpu, 2 threads per core) family 6 model 94 stepping 3, cmov, cx8, fxsr, mmx, sse, sse2, sse3, ssse3, sse4.1, sse4.2, popcnt, avx, avx2, aes, clmul, erms, rtm, 3dnowpref, lzcnt, ht, tsc, tscinvbit, bmi1, bmi2, adx

Memory: 4k page, physical 8300524k(5076520k free), swap 17685648k(2547616k free)

vm_info: Java HotSpot(TM) 64-Bit Server VM (25.241-b07) for windows-amd64 JRE (1.8.0_241-b07), built on Dec 11 2019 10:21:40 by "rejava" with MS VC++ 10.0 (VS2010)

time: Wed Apr 29 15:23:33 2020
timezone: 대한민국 표준시
elapsed time: 0 seconds (0d 0h 0m 0s)

